<?xml version="1.0" encoding="UTF-8"?>
<!-- Generated by org.testng.reporters.JUnitReportReporter -->
<testsuite skipped="0" hostname="HYD2L000755" name="com.gdccbank.testcases.TC_LoginTest_001" tests="1" failures="0" timestamp="2022-08-01T22:46:18 IST" time="67.039" errors="0">
  <testcase name="loginTest" time="67.039" classname="com.gdccbank.testcases.TC_LoginTest_001"/>
  <system-out/>
</testsuite> <!-- com.gdccbank.testcases.TC_LoginTest_001 -->
